  IOUtils.cpp
C:\Users\HP\source\repos\MatioProject\MatioProject\IOUtils.cpp(16,20): warning C4018: '<': signed/unsigned mismatch
  LinkedList.cpp
C:\Users\HP\source\repos\MatioProject\MatioProject\LinkedList.cpp(53,21): warning C4018: '<': signed/unsigned mismatch
  ListTests.cpp
  Main.cpp
C:\Users\HP\source\repos\MatioProject\MatioProject\ListTests.h(117,2): warning C4018: '<': signed/unsigned mismatch
C:\Program Files (x86)\Microsoft Visual Studio\2019\Community\VC\Tools\MSVC\14.24.28314\include\type_traits(1579): message : see reference to function template instantiation 'auto InsertionTest<LinkedList>::testPushFront::<lambda_2772f62e92058fe1a05e3b19f88f0af7>::operator ()<L,std::vector<T,std::allocator<T>>>(L &,std::vector<T,std::allocator<T>> &) const' being compiled
          with
          [
              L=LinkedList
          ]
C:\Program Files (x86)\Microsoft Visual Studio\2019\Community\VC\Tools\MSVC\14.24.28314\include\type_traits(1700): message : see reference to alias template instantiation 'std::_Is_invocable_r_<bool,InsertionTest<LinkedList>::testPushFront::<lambda_2772f62e92058fe1a05e3b19f88f0af7>&,L&,std::vector<T,std::allocator<T>>&>' being compiled
          with
          [
              L=LinkedList
          ]
C:\Program Files (x86)\Microsoft Visual Studio\2019\Community\VC\Tools\MSVC\14.24.28314\include\functional(979): message : see reference to class template instantiation 'std::_Is_invocable_r<_Ret,InsertionTest<LinkedList>::testPushFront::<lambda_2772f62e92058fe1a05e3b19f88f0af7> &,L &,std::vector<T,std::allocator<T>> &>' being compiled
          with
          [
              _Ret=bool,
              L=LinkedList
          ]
C:\Program Files (x86)\Microsoft Visual Studio\2019\Community\VC\Tools\MSVC\14.24.28314\include\functional(979): message : see reference to variable template 'const bool conjunction_v<std::negation<std::is_same<<lambda_2772f62e92058fe1a05e3b19f88f0af7>,std::function<bool __cdecl(LinkedList &,std::vector<int,std::allocator<int> > &)> > >,std::_Is_invocable_r<bool,<lambda_2772f62e92058fe1a05e3b19f88f0af7> &,LinkedList &,std::vector<int,std::allocator<int> > &> >' being compiled
C:\Program Files (x86)\Microsoft Visual Studio\2019\Community\VC\Tools\MSVC\14.24.28314\include\functional(1128): message : see reference to alias template instantiation 'std::_Func_class<_Ret,L &,std::vector<T,std::allocator<T>> &>::_Enable_if_callable_t<InsertionTest<L>::testPushFront::<lambda_2772f62e92058fe1a05e3b19f88f0af7>&,std::function<bool (L &,std::vector<T,std::allocator<T>> &)>>' being compiled
          with
          [
              _Ret=bool,
              L=LinkedList
          ]
C:\Users\HP\source\repos\MatioProject\MatioProject\ListTests.h(104): message : while compiling class template member function 'bool InsertionTest<LinkedList>::testPushFront(int,int)'
C:\Users\HP\source\repos\MatioProject\MatioProject\ListTests.h(68): message : see reference to function template instantiation 'bool InsertionTest<LinkedList>::testPushFront(int,int)' being compiled
C:\Users\HP\source\repos\MatioProject\MatioProject\Main.cpp(7): message : see reference to class template instantiation 'InsertionTest<LinkedList>' being compiled
C:\Users\HP\source\repos\MatioProject\MatioProject\ListTests.h(23,2): warning C4018: '<': signed/unsigned mismatch
C:\Users\HP\source\repos\MatioProject\MatioProject\ListTests.h(22): message : while compiling class template member function 'bool ListTest<L>::areEqual(List &,std::vector<T,std::allocator<T>> &)'
          with
          [
              L=LinkedList
          ]
C:\Users\HP\source\repos\MatioProject\MatioProject\ListTests.h(135): message : see reference to function template instantiation 'bool ListTest<L>::areEqual(List &,std::vector<T,std::allocator<T>> &)' being compiled
          with
          [
              L=LinkedList
          ]
C:\Users\HP\source\repos\MatioProject\MatioProject\ListTests.h(58): message : see reference to class template instantiation 'ListTest<L>' being compiled
          with
          [
              L=LinkedList
          ]
  SortingSearchingUtils.cpp
  SortingTest.cpp
  Test.cpp
  Generating Code...
  MatioProject.vcxproj -> C:\Users\HP\source\repos\MatioProject\Debug\MatioProject.exe
